c:\users\rapul\rr\ogl\advanced_opengl\framebuffers\x64\debug\vc143.pdb
c:\users\rapul\rr\ogl\advanced_opengl\framebuffers\x64\debug\vc143.idb
c:\users\rapul\rr\ogl\advanced_opengl\framebuffers\x64\debug\stb_image.obj
c:\users\rapul\rr\ogl\advanced_opengl\framebuffers\x64\debug\shader.obj
c:\users\rapul\rr\ogl\advanced_opengl\framebuffers\x64\debug\model.obj
c:\users\rapul\rr\ogl\advanced_opengl\framebuffers\x64\debug\material.obj
c:\users\rapul\rr\ogl\advanced_opengl\framebuffers\x64\debug\main.obj
c:\users\rapul\rr\ogl\advanced_opengl\framebuffers\x64\debug\light.obj
c:\users\rapul\rr\ogl\advanced_opengl\framebuffers\x64\debug\camera.obj
c:\users\rapul\rr\ogl\advanced_opengl\framebuffers\x64\debug\glad.obj
c:\users\rapul\rr\ogl\x64\debug\framebuffer.exe
c:\users\rapul\rr\ogl\x64\debug\framebuffer.pdb
c:\users\rapul\rr\ogl\advanced_opengl\framebuffers\x64\debug\framebuffer.ilk
c:\users\rapul\rr\ogl\advanced_opengl\framebuffers\x64\debug\framebuffer.tlog\cl.command.1.tlog
c:\users\rapul\rr\ogl\advanced_opengl\framebuffers\x64\debug\framebuffer.tlog\cl.items.tlog
c:\users\rapul\rr\ogl\advanced_opengl\framebuffers\x64\debug\framebuffer.tlog\cl.read.1.tlog
c:\users\rapul\rr\ogl\advanced_opengl\framebuffers\x64\debug\framebuffer.tlog\cl.write.1.tlog
c:\users\rapul\rr\ogl\advanced_opengl\framebuffers\x64\debug\framebuffer.tlog\link.command.1.tlog
c:\users\rapul\rr\ogl\advanced_opengl\framebuffers\x64\debug\framebuffer.tlog\link.read.1.tlog
c:\users\rapul\rr\ogl\advanced_opengl\framebuffers\x64\debug\framebuffer.tlog\link.secondary.1.tlog
c:\users\rapul\rr\ogl\advanced_opengl\framebuffers\x64\debug\framebuffer.tlog\link.write.1.tlog
